<?xml version="1.0" encoding="UTF-8"?>
<testng-results ignored="0" total="2" passed="1" failed="1" skipped="0">
  <reporter-output>
  </reporter-output>
  <suite started-at="2024-01-30T16:08:17 IST" name="Default suite" finished-at="2024-01-30T16:56:58 IST" duration-ms="2921636">
    <groups>
    </groups>
    <test started-at="2024-01-30T16:08:17 IST" name="Default test" finished-at="2024-01-30T16:56:58 IST" duration-ms="2921636">
      <class name="Pagefactory.HelpdeskRun">
        <test-method is-config="true" signature="initiateDriver()[pri:0, instance:Pagefactory.HelpdeskRun@614ca7df]" started-at="2024-01-30T16:08:17 IST" name="initiateDriver" finished-at="2024-01-30T16:08:19 IST" duration-ms="2323" status="PASS">
          <reporter-output>
          </reporter-output>
        </test-method> <!-- initiateDriver -->
        <test-method signature="Login(java.lang.String, java.lang.String, java.lang.String, java.lang.String, java.lang.String, java.lang.String, java.lang.String, java.lang.String, java.lang.String, java.lang.String, java.lang.String, java.lang.String, java.lang.String, java.lang.String, java.lang.String, java.lang.String, java.lang.String, java.lang.String, java.lang.String, java.lang.String, java.lang.String, java.lang.String, java.lang.String, java.lang.String, java.lang.String, java.lang.String, java.lang.String, java.lang.String, java.lang.String, java.lang.String, java.lang.String)[pri:1, instance:Pagefactory.HelpdeskRun@614ca7df]" started-at="2024-01-30T16:08:19 IST" name="Login" data-provider="itemsdata" finished-at="2024-01-30T16:08:19 IST" duration-ms="93" status="FAIL">
          <params>
            <param index="0">
              <value is-null="true"/>
            </param>
            <param index="1">
              <value is-null="true"/>
            </param>
            <param index="2">
              <value is-null="true"/>
            </param>
            <param index="3">
              <value is-null="true"/>
            </param>
            <param index="4">
              <value is-null="true"/>
            </param>
            <param index="5">
              <value is-null="true"/>
            </param>
            <param index="6">
              <value is-null="true"/>
            </param>
            <param index="7">
              <value is-null="true"/>
            </param>
            <param index="8">
              <value is-null="true"/>
            </param>
            <param index="9">
              <value is-null="true"/>
            </param>
            <param index="10">
              <value is-null="true"/>
            </param>
            <param index="11">
              <value is-null="true"/>
            </param>
            <param index="12">
              <value is-null="true"/>
            </param>
            <param index="13">
              <value is-null="true"/>
            </param>
            <param index="14">
              <value is-null="true"/>
            </param>
            <param index="15">
              <value is-null="true"/>
            </param>
            <param index="16">
              <value is-null="true"/>
            </param>
            <param index="17">
              <value is-null="true"/>
            </param>
            <param index="18">
              <value is-null="true"/>
            </param>
            <param index="19">
              <value is-null="true"/>
            </param>
            <param index="20">
              <value is-null="true"/>
            </param>
            <param index="21">
              <value is-null="true"/>
            </param>
            <param index="22">
              <value is-null="true"/>
            </param>
            <param index="23">
              <value is-null="true"/>
            </param>
            <param index="24">
              <value is-null="true"/>
            </param>
            <param index="25">
              <value is-null="true"/>
            </param>
            <param index="26">
              <value is-null="true"/>
            </param>
            <param index="27">
              <value is-null="true"/>
            </param>
            <param index="28">
              <value is-null="true"/>
            </param>
            <param index="29">
              <value is-null="true"/>
            </param>
            <param index="30">
              <value is-null="true"/>
            </param>
          </params>
          <exception class="java.lang.NullPointerException">
            <message>
              <![CDATA[null value in entry: url=null]]>
            </message>
            <full-stacktrace>
              <![CDATA[java.lang.NullPointerException: null value in entry: url=null
at com.google.common.collect.CollectPreconditions.checkEntryNotNull(CollectPreconditions.java:32)
at com.google.common.collect.SingletonImmutableBiMap.<init>(SingletonImmutableBiMap.java:42)
at com.google.common.collect.ImmutableBiMap.of(ImmutableBiMap.java:72)
at com.google.common.collect.ImmutableMap.of(ImmutableMap.java:124)
at org.openqa.selenium.remote.RemoteWebDriver.get(RemoteWebDriver.java:277)
at Pagefactory.HelpdeskRun.Login(HelpdeskRun.java:151)
at java.base/jdk.internal.reflect.NativeMethodAccessorImpl.invoke0(Native Method)
at java.base/jdk.internal.reflect.NativeMethodAccessorImpl.invoke(NativeMethodAccessorImpl.java:77)
at java.base/jdk.internal.reflect.DelegatingMethodAccessorImpl.invoke(DelegatingMethodAccessorImpl.java:43)
at java.base/java.lang.reflect.Method.invoke(Method.java:568)
at org.testng.internal.MethodInvocationHelper.invokeMethod(MethodInvocationHelper.java:134)
at org.testng.internal.TestInvoker.invokeMethod(TestInvoker.java:597)
at org.testng.internal.TestInvoker.invokeTestMethod(TestInvoker.java:173)
at org.testng.internal.MethodRunner.runInSequence(MethodRunner.java:46)
at org.testng.internal.TestInvoker$MethodInvocationAgent.invoke(TestInvoker.java:816)
at org.testng.internal.TestInvoker.invokeTestMethods(TestInvoker.java:146)
at org.testng.internal.TestMethodWorker.invokeTestMethods(TestMethodWorker.java:146)
at org.testng.internal.TestMethodWorker.run(TestMethodWorker.java:128)
at java.base/java.util.ArrayList.forEach(ArrayList.java:1511)
at org.testng.TestRunner.privateRun(TestRunner.java:766)
at org.testng.TestRunner.run(TestRunner.java:587)
at org.testng.SuiteRunner.runTest(SuiteRunner.java:384)
at org.testng.SuiteRunner.runSequentially(SuiteRunner.java:378)
at org.testng.SuiteRunner.privateRun(SuiteRunner.java:337)
at org.testng.SuiteRunner.run(SuiteRunner.java:286)
at org.testng.SuiteRunnerWorker.runSuite(SuiteRunnerWorker.java:53)
at org.testng.SuiteRunnerWorker.run(SuiteRunnerWorker.java:96)
at org.testng.TestNG.runSuitesSequentially(TestNG.java:1187)
at org.testng.TestNG.runSuitesLocally(TestNG.java:1109)
at org.testng.TestNG.runSuites(TestNG.java:1039)
at org.testng.TestNG.run(TestNG.java:1007)
at org.testng.remote.AbstractRemoteTestNG.run(AbstractRemoteTestNG.java:115)
at org.testng.remote.RemoteTestNG.initAndRun(RemoteTestNG.java:251)
at org.testng.remote.RemoteTestNG.main(RemoteTestNG.java:77)
]]>
            </full-stacktrace>
          </exception> <!-- java.lang.NullPointerException -->
          <reporter-output>
          </reporter-output>
        </test-method> <!-- Login -->
        <test-method signature="Login(java.lang.String, java.lang.String, java.lang.String, java.lang.String, java.lang.String, java.lang.String, java.lang.String, java.lang.String, java.lang.String, java.lang.String, java.lang.String, java.lang.String, java.lang.String, java.lang.String, java.lang.String, java.lang.String, java.lang.String, java.lang.String, java.lang.String, java.lang.String, java.lang.String, java.lang.String, java.lang.String, java.lang.String, java.lang.String, java.lang.String, java.lang.String, java.lang.String, java.lang.String, java.lang.String, java.lang.String)[pri:1, instance:Pagefactory.HelpdeskRun@614ca7df]" started-at="2024-01-30T16:08:19 IST" name="Login" data-provider="itemsdata" finished-at="2024-01-30T16:56:58 IST" duration-ms="2918447" status="PASS">
          <params>
            <param index="0">
              <value>
                <![CDATA[https://helpdesk.vakilsearch.com/login]]>
              </value>
            </param>
            <param index="1">
              <value>
                <![CDATA[aejaaz.ghouse@vakilsearch.com]]>
              </value>
            </param>
            <param index="2">
              <value>
                <![CDATA[Vakil@123]]>
              </value>
            </param>
            <param index="3">
              <value>
                <![CDATA[Dhrubo BD]]>
              </value>
            </param>
            <param index="4">
              <value>
                <![CDATA[PAID - NO DUES]]>
              </value>
            </param>
            <param index="5">
              <value>
                <![CDATA[Medium]]>
              </value>
            </param>
            <param index="6">
              <value>
                <![CDATA[Trademark registration]]>
              </value>
            </param>
            <param index="7">
              <value>
                <![CDATA[Hyderabad]]>
              </value>
            </param>
            <param index="8">
              <value>
                <![CDATA[ABC DAT RRQ]]>
              </value>
            </param>
            <param index="9">
              <value>
                <![CDATA[TMO Crawler]]>
              </value>
            </param>
            <param index="10">
              <value>
                <![CDATA[Tamil]]>
              </value>
            </param>
            <param index="11">
              <value>
                <![CDATA[Data & Document Collection]]>
              </value>
            </param>
            <param index="12">
              <value>
                <![CDATA[Awaiting Information & Documents]]>
              </value>
            </param>
            <param index="13">
              <value>
                <![CDATA[INC-32]]>
              </value>
            </param>
            <param index="14">
              <value>
                <![CDATA[Andhra pradesh]]>
              </value>
            </param>
            <param index="15">
              <value>
                <![CDATA[3955589]]>
              </value>
            </param>
            <param index="16">
              <value>
                <![CDATA[gojo@yopmail.com]]>
              </value>
            </param>
            <param index="17">
              <value>
                <![CDATA[Private Limited Company Registration]]>
              </value>
            </param>
            <param index="18">
              <value>
                <![CDATA[10AABCU9603R1Z2]]>
              </value>
            </param>
            <param index="19">
              <value>
                <![CDATA[2000]]>
              </value>
            </param>
            <param index="20">
              <value>
                <![CDATA[3000]]>
              </value>
            </param>
            <param index="21">
              <value>
                <![CDATA[4000]]>
              </value>
            </param>
            <param index="22">
              <value>
                <![CDATA[gojo@yopmail.com]]>
              </value>
            </param>
            <param index="23">
              <value>
                <![CDATA[Test Tickets]]>
              </value>
            </param>
            <param index="24">
              <value>
                <![CDATA[Part payment made]]>
              </value>
            </param>
            <param index="25">
              <value>
                <![CDATA[Dhrubo BD]]>
              </value>
            </param>
            <param index="26">
              <value>
                <![CDATA[Hyderabad]]>
              </value>
            </param>
            <param index="27">
              <value>
                <![CDATA[DSC]]>
              </value>
            </param>
            <param index="28">
              <value>
                <![CDATA[Sharanya BD]]>
              </value>
            </param>
            <param index="29">
              <value>
                <![CDATA[Ready to sign up]]>
              </value>
            </param>
            <param index="30">
              <value>
                <![CDATA[INC-32]]>
              </value>
            </param>
          </params>
          <reporter-output>
          </reporter-output>
        </test-method> <!-- Login -->
        <test-method is-config="true" signature="stopReport()[pri:0, instance:Pagefactory.HelpdeskRun@614ca7df]" started-at="2024-01-30T16:56:58 IST" name="stopReport" finished-at="2024-01-30T16:56:58 IST" duration-ms="603" status="PASS">
          <reporter-output>
          </reporter-output>
        </test-method> <!-- stopReport -->
      </class> <!-- Pagefactory.HelpdeskRun -->
    </test> <!-- Default test -->
  </suite> <!-- Default suite -->
</testng-results>
